<?xml version="1.0" encoding="UTF-8"?>
<testng-results ignored="0" total="1" passed="1" failed="0" skipped="0">
  <reporter-output>
  </reporter-output>
  <suite started-at="2023-09-13T10:06:30 IST" name="Default suite" finished-at="2023-09-13T10:06:41 IST" duration-ms="10495">
    <groups>
    </groups>
    <test started-at="2023-09-13T10:06:30 IST" name="Default test" finished-at="2023-09-13T10:06:41 IST" duration-ms="10495">
      <class name="govdata.ErrorFormData">
        <test-method is-config="true" signature="login()[pri:0, instance:govdata.ErrorFormData@3a7442c7]" started-at="2023-09-13T10:06:30 IST" name="login" finished-at="2023-09-13T10:06:36 IST" duration-ms="5148" status="PASS">
          <reporter-output>
          </reporter-output>
        </test-method> <!-- login -->
        <test-method signature="testDataFromExcel(java.lang.String,java.lang.String,java.lang.String,java.lang.String,java.lang.String,java.lang.String,java.lang.String,java.lang.String,java.lang.String,java.lang.String,java.lang.String,java.lang.String,java.lang.String,java.lang.String,java.lang.String,java.lang.String)[pri:0, instance:govdata.ErrorFormData@3a7442c7]" started-at="2023-09-13T10:06:36 IST" name="testDataFromExcel" data-provider="excelData" finished-at="2023-09-13T10:06:41 IST" duration-ms="4729" status="PASS">
          <params>
            <param index="0">
              <value>
                <![CDATA[Simma Babuji Rao]]>
              </value>
            </param>
            <param index="1">
              <value>
                <![CDATA[M]]>
              </value>
            </param>
            <param index="2">
              <value>
                <![CDATA[4]]>
              </value>
            </param>
            <param index="3">
              <value>
                <![CDATA[946539663401]]>
              </value>
            </param>
            <param index="4">
              <value>
                <![CDATA[9182418046]]>
              </value>
            </param>
            <param index="5">
              <value>
                <![CDATA[Sanyasi]]>
              </value>
            </param>
            <param index="6">
              <value>
                <![CDATA[Ambavilli]]>
              </value>
            </param>
            <param index="7">
              <value>
                <![CDATA[705001023574]]>
              </value>
            </param>
            <param index="8">
              <value>
                <![CDATA[134-5]]>
              </value>
            </param>
            <param index="9">
              <value>
                <![CDATA[1.96]]>
              </value>
            </param>
            <param index="10">
              <value>
                <![CDATA[116034]]>
              </value>
            </param>
            <param index="11">
              <value>
                <![CDATA[105023 635]]>
              </value>
            </param>
            <param index="12">
              <value>
                <![CDATA[99999.0]]>
              </value>
            </param>
            <param index="13">
              <value>
                <![CDATA[6145.0]]>
              </value>
            </param>
            <param index="14">
              <value>
                <![CDATA[20-Jun-2022]]>
              </value>
            </param>
            <param index="15">
              <value>
                <![CDATA[02-May-2023]]>
              </value>
            </param>
          </params>
          <reporter-output>
          </reporter-output>
        </test-method> <!-- testDataFromExcel -->
      </class> <!-- govdata.ErrorFormData -->
    </test> <!-- Default test -->
  </suite> <!-- Default suite -->
</testng-results>
